2015-08-10 08:48:56 Debug: Notice (8): Undefined index: category in [C:\wamp\www\cake_2_0\app\Controller\MultiStepFormController.php, line 27]
Trace:
MultiStepFormController::_prepareFirst() - APP\Controller\MultiStepFormController.php, line 27
WizardComponent::process() - APP\Plugin\Wizard\Controller\Component\WizardComponent.php, line 242
MultiStepFormController::wizard() - APP\Controller\MultiStepFormController.php, line 15
ReflectionMethod::invokeArgs() - [internal], line ??
Controller::invokeAction() - CORE\Cake\Controller\Controller.php, line 490
Dispatcher::_invoke() - CORE\Cake\Routing\Dispatcher.php, line 193
Dispatcher::dispatch() - CORE\Cake\Routing\Dispatcher.php, line 167
[main] - APP\webroot\index.php, line 118

2015-08-10 08:52:16 Debug: Notice (8): Undefined index: category in [C:\wamp\www\cake_2_0\app\Controller\MultiStepFormController.php, line 27]
Trace:
MultiStepFormController::_prepareFirst() - APP\Controller\MultiStepFormController.php, line 27
WizardComponent::process() - APP\Plugin\Wizard\Controller\Component\WizardComponent.php, line 242
MultiStepFormController::wizard() - APP\Controller\MultiStepFormController.php, line 15
ReflectionMethod::invokeArgs() - [internal], line ??
Controller::invokeAction() - CORE\Cake\Controller\Controller.php, line 490
Dispatcher::_invoke() - CORE\Cake\Routing\Dispatcher.php, line 193
Dispatcher::dispatch() - CORE\Cake\Routing\Dispatcher.php, line 167
[main] - APP\webroot\index.php, line 118

2015-08-10 08:54:19 Debug: Notice (8): Undefined index: category in [C:\wamp\www\cake_2_0\app\Controller\MultiStepFormController.php, line 27]
Trace:
MultiStepFormController::_prepareFirst() - APP\Controller\MultiStepFormController.php, line 27
WizardComponent::process() - APP\Plugin\Wizard\Controller\Component\WizardComponent.php, line 242
MultiStepFormController::wizard() - APP\Controller\MultiStepFormController.php, line 15
ReflectionMethod::invokeArgs() - [internal], line ??
Controller::invokeAction() - CORE\Cake\Controller\Controller.php, line 490
Dispatcher::_invoke() - CORE\Cake\Routing\Dispatcher.php, line 193
Dispatcher::dispatch() - CORE\Cake\Routing\Dispatcher.php, line 167
[main] - APP\webroot\index.php, line 118

2015-08-10 08:54:32 Debug: Notice (8): Undefined index: category in [C:\wamp\www\cake_2_0\app\Controller\MultiStepFormController.php, line 27]
Trace:
MultiStepFormController::_prepareFirst() - APP\Controller\MultiStepFormController.php, line 27
WizardComponent::process() - APP\Plugin\Wizard\Controller\Component\WizardComponent.php, line 242
MultiStepFormController::wizard() - APP\Controller\MultiStepFormController.php, line 15
ReflectionMethod::invokeArgs() - [internal], line ??
Controller::invokeAction() - CORE\Cake\Controller\Controller.php, line 490
Dispatcher::_invoke() - CORE\Cake\Routing\Dispatcher.php, line 193
Dispatcher::dispatch() - CORE\Cake\Routing\Dispatcher.php, line 167
[main] - APP\webroot\index.php, line 118

2015-08-10 08:57:02 Debug: Notice (8): Undefined index: category in [C:\wamp\www\cake_2_0\app\Controller\MultiStepFormController.php, line 27]
Trace:
MultiStepFormController::_prepareFirst() - APP\Controller\MultiStepFormController.php, line 27
WizardComponent::process() - APP\Plugin\Wizard\Controller\Component\WizardComponent.php, line 242
MultiStepFormController::wizard() - APP\Controller\MultiStepFormController.php, line 15
ReflectionMethod::invokeArgs() - [internal], line ??
Controller::invokeAction() - CORE\Cake\Controller\Controller.php, line 490
Dispatcher::_invoke() - CORE\Cake\Routing\Dispatcher.php, line 193
Dispatcher::dispatch() - CORE\Cake\Routing\Dispatcher.php, line 167
[main] - APP\webroot\index.php, line 118

2015-08-10 08:57:39 Debug: Notice (8): Undefined index: category in [C:\wamp\www\cake_2_0\app\Controller\MultiStepFormController.php, line 27]
Trace:
MultiStepFormController::_prepareFirst() - APP\Controller\MultiStepFormController.php, line 27
WizardComponent::process() - APP\Plugin\Wizard\Controller\Component\WizardComponent.php, line 242
MultiStepFormController::wizard() - APP\Controller\MultiStepFormController.php, line 15
ReflectionMethod::invokeArgs() - [internal], line ??
Controller::invokeAction() - CORE\Cake\Controller\Controller.php, line 490
Dispatcher::_invoke() - CORE\Cake\Routing\Dispatcher.php, line 193
Dispatcher::dispatch() - CORE\Cake\Routing\Dispatcher.php, line 167
[main] - APP\webroot\index.php, line 118

2015-08-10 08:58:18 Debug: Notice (8): Undefined index: category in [C:\wamp\www\cake_2_0\app\Controller\MultiStepFormController.php, line 27]
Trace:
MultiStepFormController::_prepareFirst() - APP\Controller\MultiStepFormController.php, line 27
WizardComponent::process() - APP\Plugin\Wizard\Controller\Component\WizardComponent.php, line 242
MultiStepFormController::wizard() - APP\Controller\MultiStepFormController.php, line 15
ReflectionMethod::invokeArgs() - [internal], line ??
Controller::invokeAction() - CORE\Cake\Controller\Controller.php, line 490
Dispatcher::_invoke() - CORE\Cake\Routing\Dispatcher.php, line 193
Dispatcher::dispatch() - CORE\Cake\Routing\Dispatcher.php, line 167
[main] - APP\webroot\index.php, line 118

2015-08-10 09:03:52 Debug: Notice (8): Undefined index: category in [C:\wamp\www\cake_2_0\app\Controller\MultiStepFormController.php, line 27]
Trace:
MultiStepFormController::_prepareFirst() - APP\Controller\MultiStepFormController.php, line 27
WizardComponent::process() - APP\Plugin\Wizard\Controller\Component\WizardComponent.php, line 242
MultiStepFormController::wizard() - APP\Controller\MultiStepFormController.php, line 15
ReflectionMethod::invokeArgs() - [internal], line ??
Controller::invokeAction() - CORE\Cake\Controller\Controller.php, line 490
Dispatcher::_invoke() - CORE\Cake\Routing\Dispatcher.php, line 193
Dispatcher::dispatch() - CORE\Cake\Routing\Dispatcher.php, line 167
[main] - APP\webroot\index.php, line 118

2015-08-10 09:05:33 Debug: Notice (8): Undefined index: category in [C:\wamp\www\cake_2_0\app\Controller\MultiStepFormController.php, line 27]
Trace:
MultiStepFormController::_prepareFirst() - APP\Controller\MultiStepFormController.php, line 27
WizardComponent::process() - APP\Plugin\Wizard\Controller\Component\WizardComponent.php, line 242
MultiStepFormController::wizard() - APP\Controller\MultiStepFormController.php, line 15
ReflectionMethod::invokeArgs() - [internal], line ??
Controller::invokeAction() - CORE\Cake\Controller\Controller.php, line 490
Dispatcher::_invoke() - CORE\Cake\Routing\Dispatcher.php, line 193
Dispatcher::dispatch() - CORE\Cake\Routing\Dispatcher.php, line 167
[main] - APP\webroot\index.php, line 118

2015-08-10 09:09:15 Debug: Notice (8): Undefined index: category in [C:\wamp\www\cake_2_0\app\Controller\MultiStepFormController.php, line 27]
Trace:
MultiStepFormController::_prepareFirst() - APP\Controller\MultiStepFormController.php, line 27
WizardComponent::process() - APP\Plugin\Wizard\Controller\Component\WizardComponent.php, line 242
MultiStepFormController::wizard() - APP\Controller\MultiStepFormController.php, line 15
ReflectionMethod::invokeArgs() - [internal], line ??
Controller::invokeAction() - CORE\Cake\Controller\Controller.php, line 490
Dispatcher::_invoke() - CORE\Cake\Routing\Dispatcher.php, line 193
Dispatcher::dispatch() - CORE\Cake\Routing\Dispatcher.php, line 167
[main] - APP\webroot\index.php, line 118

2015-08-10 09:11:25 Debug: Notice (8): Undefined index: category in [C:\wamp\www\cake_2_0\app\Controller\MultiStepFormController.php, line 27]
Trace:
MultiStepFormController::_prepareFirst() - APP\Controller\MultiStepFormController.php, line 27
WizardComponent::process() - APP\Plugin\Wizard\Controller\Component\WizardComponent.php, line 242
MultiStepFormController::wizard() - APP\Controller\MultiStepFormController.php, line 15
ReflectionMethod::invokeArgs() - [internal], line ??
Controller::invokeAction() - CORE\Cake\Controller\Controller.php, line 490
Dispatcher::_invoke() - CORE\Cake\Routing\Dispatcher.php, line 193
Dispatcher::dispatch() - CORE\Cake\Routing\Dispatcher.php, line 167
[main] - APP\webroot\index.php, line 118

2015-08-10 09:14:04 Debug: Notice (8): Undefined index: category in [C:\wamp\www\cake_2_0\app\Controller\MultiStepFormController.php, line 27]
Trace:
MultiStepFormController::_prepareFirst() - APP\Controller\MultiStepFormController.php, line 27
WizardComponent::process() - APP\Plugin\Wizard\Controller\Component\WizardComponent.php, line 242
MultiStepFormController::wizard() - APP\Controller\MultiStepFormController.php, line 15
ReflectionMethod::invokeArgs() - [internal], line ??
Controller::invokeAction() - CORE\Cake\Controller\Controller.php, line 490
Dispatcher::_invoke() - CORE\Cake\Routing\Dispatcher.php, line 193
Dispatcher::dispatch() - CORE\Cake\Routing\Dispatcher.php, line 167
[main] - APP\webroot\index.php, line 118

2015-08-10 09:14:20 Debug: Notice (8): Undefined index: category in [C:\wamp\www\cake_2_0\app\Controller\MultiStepFormController.php, line 27]
Trace:
MultiStepFormController::_prepareFirst() - APP\Controller\MultiStepFormController.php, line 27
WizardComponent::process() - APP\Plugin\Wizard\Controller\Component\WizardComponent.php, line 242
MultiStepFormController::wizard() - APP\Controller\MultiStepFormController.php, line 15
ReflectionMethod::invokeArgs() - [internal], line ??
Controller::invokeAction() - CORE\Cake\Controller\Controller.php, line 490
Dispatcher::_invoke() - CORE\Cake\Routing\Dispatcher.php, line 193
Dispatcher::dispatch() - CORE\Cake\Routing\Dispatcher.php, line 167
[main] - APP\webroot\index.php, line 118

2015-11-09 06:42:35 Notice: Notice (8): Undefined index: payment_amount in [/var/www/html/cake_2_0/app/Controller/FormController.php, line 122]
Trace:
FormController::post() - APP/Controller/FormController.php, line 122
ReflectionMethod::invokeArgs() - [internal], line ??
Controller::invokeAction() - CORE/Cake/Controller/Controller.php, line 490
Dispatcher::_invoke() - CORE/Cake/Routing/Dispatcher.php, line 193
Dispatcher::dispatch() - CORE/Cake/Routing/Dispatcher.php, line 167
[main] - APP/webroot/index.php, line 118

2015-11-09 06:51:38 Notice: Notice (8): Undefined index: payment_amount in [/var/www/html/cake_2_0/app/Controller/FormController.php, line 122]
Trace:
FormController::post() - APP/Controller/FormController.php, line 122
ReflectionMethod::invokeArgs() - [internal], line ??
Controller::invokeAction() - CORE/Cake/Controller/Controller.php, line 490
Dispatcher::_invoke() - CORE/Cake/Routing/Dispatcher.php, line 193
Dispatcher::dispatch() - CORE/Cake/Routing/Dispatcher.php, line 167
[main] - APP/webroot/index.php, line 118

2015-11-09 06:58:11 Notice: Notice (8): Undefined index: payment_amount in [/var/www/html/cake_2_0/app/Controller/FormController.php, line 122]
Trace:
FormController::post() - APP/Controller/FormController.php, line 122
ReflectionMethod::invokeArgs() - [internal], line ??
Controller::invokeAction() - CORE/Cake/Controller/Controller.php, line 490
Dispatcher::_invoke() - CORE/Cake/Routing/Dispatcher.php, line 193
Dispatcher::dispatch() - CORE/Cake/Routing/Dispatcher.php, line 167
[main] - APP/webroot/index.php, line 118

2015-11-09 06:58:51 Notice: Notice (8): Undefined index: payment_amount in [/var/www/html/cake_2_0/app/Controller/FormController.php, line 122]
Trace:
FormController::post() - APP/Controller/FormController.php, line 122
ReflectionMethod::invokeArgs() - [internal], line ??
Controller::invokeAction() - CORE/Cake/Controller/Controller.php, line 490
Dispatcher::_invoke() - CORE/Cake/Routing/Dispatcher.php, line 193
Dispatcher::dispatch() - CORE/Cake/Routing/Dispatcher.php, line 167
[main] - APP/webroot/index.php, line 118

2015-11-09 06:59:05 Notice: Notice (8): Undefined index: payment_amount in [/var/www/html/cake_2_0/app/Controller/FormController.php, line 122]
Trace:
FormController::post() - APP/Controller/FormController.php, line 122
ReflectionMethod::invokeArgs() - [internal], line ??
Controller::invokeAction() - CORE/Cake/Controller/Controller.php, line 490
Dispatcher::_invoke() - CORE/Cake/Routing/Dispatcher.php, line 193
Dispatcher::dispatch() - CORE/Cake/Routing/Dispatcher.php, line 167
[main] - APP/webroot/index.php, line 118

2015-11-09 06:59:32 Notice: Notice (8): Undefined index: payment_amount in [/var/www/html/cake_2_0/app/Controller/FormController.php, line 122]
Trace:
FormController::post() - APP/Controller/FormController.php, line 122
ReflectionMethod::invokeArgs() - [internal], line ??
Controller::invokeAction() - CORE/Cake/Controller/Controller.php, line 490
Dispatcher::_invoke() - CORE/Cake/Routing/Dispatcher.php, line 193
Dispatcher::dispatch() - CORE/Cake/Routing/Dispatcher.php, line 167
[main] - APP/webroot/index.php, line 118

2015-11-09 06:59:36 Notice: Notice (8): Undefined index: payment_amount in [/var/www/html/cake_2_0/app/Controller/FormController.php, line 122]
Trace:
FormController::post() - APP/Controller/FormController.php, line 122
ReflectionMethod::invokeArgs() - [internal], line ??
Controller::invokeAction() - CORE/Cake/Controller/Controller.php, line 490
Dispatcher::_invoke() - CORE/Cake/Routing/Dispatcher.php, line 193
Dispatcher::dispatch() - CORE/Cake/Routing/Dispatcher.php, line 167
[main] - APP/webroot/index.php, line 118

2015-11-09 07:02:07 Notice: Notice (8): Undefined index: payment_amount in [/var/www/html/cake_2_0/app/Controller/FormController.php, line 122]
Trace:
FormController::post() - APP/Controller/FormController.php, line 122
ReflectionMethod::invokeArgs() - [internal], line ??
Controller::invokeAction() - CORE/Cake/Controller/Controller.php, line 490
Dispatcher::_invoke() - CORE/Cake/Routing/Dispatcher.php, line 193
Dispatcher::dispatch() - CORE/Cake/Routing/Dispatcher.php, line 167
[main] - APP/webroot/index.php, line 118

2015-11-09 07:06:05 Notice: Notice (8): Undefined index: payment_amount in [/var/www/html/cake_2_0/app/Controller/FormController.php, line 122]
Trace:
FormController::post() - APP/Controller/FormController.php, line 122
ReflectionMethod::invokeArgs() - [internal], line ??
Controller::invokeAction() - CORE/Cake/Controller/Controller.php, line 490
Dispatcher::_invoke() - CORE/Cake/Routing/Dispatcher.php, line 193
Dispatcher::dispatch() - CORE/Cake/Routing/Dispatcher.php, line 167
[main] - APP/webroot/index.php, line 118

2015-11-09 07:06:28 Notice: Notice (8): Undefined index: payment_amount in [/var/www/html/cake_2_0/app/Controller/FormController.php, line 122]
Trace:
FormController::post() - APP/Controller/FormController.php, line 122
ReflectionMethod::invokeArgs() - [internal], line ??
Controller::invokeAction() - CORE/Cake/Controller/Controller.php, line 490
Dispatcher::_invoke() - CORE/Cake/Routing/Dispatcher.php, line 193
Dispatcher::dispatch() - CORE/Cake/Routing/Dispatcher.php, line 167
[main] - APP/webroot/index.php, line 118

2015-11-09 07:06:53 Notice: Notice (8): Undefined index: payment_amount in [/var/www/html/cake_2_0/app/Controller/FormController.php, line 122]
Trace:
FormController::post() - APP/Controller/FormController.php, line 122
ReflectionMethod::invokeArgs() - [internal], line ??
Controller::invokeAction() - CORE/Cake/Controller/Controller.php, line 490
Dispatcher::_invoke() - CORE/Cake/Routing/Dispatcher.php, line 193
Dispatcher::dispatch() - CORE/Cake/Routing/Dispatcher.php, line 167
[main] - APP/webroot/index.php, line 118

2015-11-09 07:07:06 Notice: Notice (8): Undefined index: payment_amount in [/var/www/html/cake_2_0/app/Controller/FormController.php, line 122]
Trace:
FormController::post() - APP/Controller/FormController.php, line 122
ReflectionMethod::invokeArgs() - [internal], line ??
Controller::invokeAction() - CORE/Cake/Controller/Controller.php, line 490
Dispatcher::_invoke() - CORE/Cake/Routing/Dispatcher.php, line 193
Dispatcher::dispatch() - CORE/Cake/Routing/Dispatcher.php, line 167
[main] - APP/webroot/index.php, line 118

2015-11-09 07:07:10 Notice: Notice (8): Undefined index: payment_amount in [/var/www/html/cake_2_0/app/Controller/FormController.php, line 122]
Trace:
FormController::post() - APP/Controller/FormController.php, line 122
ReflectionMethod::invokeArgs() - [internal], line ??
Controller::invokeAction() - CORE/Cake/Controller/Controller.php, line 490
Dispatcher::_invoke() - CORE/Cake/Routing/Dispatcher.php, line 193
Dispatcher::dispatch() - CORE/Cake/Routing/Dispatcher.php, line 167
[main] - APP/webroot/index.php, line 118

2015-11-09 07:07:50 Notice: Notice (8): Undefined index: payment_amount in [/var/www/html/cake_2_0/app/Controller/FormController.php, line 122]
Trace:
FormController::post() - APP/Controller/FormController.php, line 122
ReflectionMethod::invokeArgs() - [internal], line ??
Controller::invokeAction() - CORE/Cake/Controller/Controller.php, line 490
Dispatcher::_invoke() - CORE/Cake/Routing/Dispatcher.php, line 193
Dispatcher::dispatch() - CORE/Cake/Routing/Dispatcher.php, line 167
[main] - APP/webroot/index.php, line 118

2015-11-09 07:11:12 Notice: Notice (8): Undefined index: payment_amount in [/var/www/html/cake_2_0/app/Controller/FormController.php, line 122]
Trace:
FormController::post() - APP/Controller/FormController.php, line 122
ReflectionMethod::invokeArgs() - [internal], line ??
Controller::invokeAction() - CORE/Cake/Controller/Controller.php, line 490
Dispatcher::_invoke() - CORE/Cake/Routing/Dispatcher.php, line 193
Dispatcher::dispatch() - CORE/Cake/Routing/Dispatcher.php, line 167
[main] - APP/webroot/index.php, line 118

2015-11-09 07:12:26 Notice: Notice (8): Undefined index: payment_amount in [/var/www/html/cake_2_0/app/Controller/FormController.php, line 122]
Trace:
FormController::post() - APP/Controller/FormController.php, line 122
ReflectionMethod::invokeArgs() - [internal], line ??
Controller::invokeAction() - CORE/Cake/Controller/Controller.php, line 490
Dispatcher::_invoke() - CORE/Cake/Routing/Dispatcher.php, line 193
Dispatcher::dispatch() - CORE/Cake/Routing/Dispatcher.php, line 167
[main] - APP/webroot/index.php, line 118

2015-11-09 07:14:23 Notice: Notice (8): Undefined index: payment_amount in [/var/www/html/cake_2_0/app/Controller/FormController.php, line 122]
Trace:
FormController::post() - APP/Controller/FormController.php, line 122
ReflectionMethod::invokeArgs() - [internal], line ??
Controller::invokeAction() - CORE/Cake/Controller/Controller.php, line 490
Dispatcher::_invoke() - CORE/Cake/Routing/Dispatcher.php, line 193
Dispatcher::dispatch() - CORE/Cake/Routing/Dispatcher.php, line 167
[main] - APP/webroot/index.php, line 118

2015-11-09 07:14:42 Notice: Notice (8): Undefined index: payment_amount in [/var/www/html/cake_2_0/app/Controller/FormController.php, line 122]
Trace:
FormController::post() - APP/Controller/FormController.php, line 122
ReflectionMethod::invokeArgs() - [internal], line ??
Controller::invokeAction() - CORE/Cake/Controller/Controller.php, line 490
Dispatcher::_invoke() - CORE/Cake/Routing/Dispatcher.php, line 193
Dispatcher::dispatch() - CORE/Cake/Routing/Dispatcher.php, line 167
[main] - APP/webroot/index.php, line 118

2015-11-09 07:17:35 Notice: Notice (8): Undefined index: payment_amount in [/var/www/html/cake_2_0/app/Controller/FormController.php, line 122]
Trace:
FormController::post() - APP/Controller/FormController.php, line 122
ReflectionMethod::invokeArgs() - [internal], line ??
Controller::invokeAction() - CORE/Cake/Controller/Controller.php, line 490
Dispatcher::_invoke() - CORE/Cake/Routing/Dispatcher.php, line 193
Dispatcher::dispatch() - CORE/Cake/Routing/Dispatcher.php, line 167
[main] - APP/webroot/index.php, line 118

2015-11-09 07:30:42 Notice: Notice (8): Undefined index: payment_amount in [/var/www/html/cake_2_0/app/Controller/FormController.php, line 122]
Trace:
FormController::post() - APP/Controller/FormController.php, line 122
ReflectionMethod::invokeArgs() - [internal], line ??
Controller::invokeAction() - CORE/Cake/Controller/Controller.php, line 490
Dispatcher::_invoke() - CORE/Cake/Routing/Dispatcher.php, line 193
Dispatcher::dispatch() - CORE/Cake/Routing/Dispatcher.php, line 167
[main] - APP/webroot/index.php, line 118

2015-11-09 07:31:19 Notice: Notice (8): Undefined index: payment_amount in [/var/www/html/cake_2_0/app/Controller/FormController.php, line 122]
Trace:
FormController::post() - APP/Controller/FormController.php, line 122
ReflectionMethod::invokeArgs() - [internal], line ??
Controller::invokeAction() - CORE/Cake/Controller/Controller.php, line 490
Dispatcher::_invoke() - CORE/Cake/Routing/Dispatcher.php, line 193
Dispatcher::dispatch() - CORE/Cake/Routing/Dispatcher.php, line 167
[main] - APP/webroot/index.php, line 118

2015-11-09 07:32:37 Notice: Notice (8): Undefined index: payment_amount in [/var/www/html/cake_2_0/app/Controller/FormController.php, line 122]
Trace:
FormController::post() - APP/Controller/FormController.php, line 122
ReflectionMethod::invokeArgs() - [internal], line ??
Controller::invokeAction() - CORE/Cake/Controller/Controller.php, line 490
Dispatcher::_invoke() - CORE/Cake/Routing/Dispatcher.php, line 193
Dispatcher::dispatch() - CORE/Cake/Routing/Dispatcher.php, line 167
[main] - APP/webroot/index.php, line 118

2015-11-09 07:32:46 Notice: Notice (8): Undefined index: payment_amount in [/var/www/html/cake_2_0/app/Controller/FormController.php, line 122]
Trace:
FormController::post() - APP/Controller/FormController.php, line 122
ReflectionMethod::invokeArgs() - [internal], line ??
Controller::invokeAction() - CORE/Cake/Controller/Controller.php, line 490
Dispatcher::_invoke() - CORE/Cake/Routing/Dispatcher.php, line 193
Dispatcher::dispatch() - CORE/Cake/Routing/Dispatcher.php, line 167
[main] - APP/webroot/index.php, line 118

2015-11-09 07:33:06 Notice: Notice (8): Undefined index: payment_amount in [/var/www/html/cake_2_0/app/Controller/FormController.php, line 122]
Trace:
FormController::post() - APP/Controller/FormController.php, line 122
ReflectionMethod::invokeArgs() - [internal], line ??
Controller::invokeAction() - CORE/Cake/Controller/Controller.php, line 490
Dispatcher::_invoke() - CORE/Cake/Routing/Dispatcher.php, line 193
Dispatcher::dispatch() - CORE/Cake/Routing/Dispatcher.php, line 167
[main] - APP/webroot/index.php, line 118

2015-11-09 07:33:16 Notice: Notice (8): Undefined index: payment_amount in [/var/www/html/cake_2_0/app/Controller/FormController.php, line 122]
Trace:
FormController::post() - APP/Controller/FormController.php, line 122
ReflectionMethod::invokeArgs() - [internal], line ??
Controller::invokeAction() - CORE/Cake/Controller/Controller.php, line 490
Dispatcher::_invoke() - CORE/Cake/Routing/Dispatcher.php, line 193
Dispatcher::dispatch() - CORE/Cake/Routing/Dispatcher.php, line 167
[main] - APP/webroot/index.php, line 118

2015-11-09 07:38:44 Notice: Notice (8): Undefined index: payment_amount in [/var/www/html/cake_2_0/app/Controller/FormController.php, line 122]
Trace:
FormController::post() - APP/Controller/FormController.php, line 122
ReflectionMethod::invokeArgs() - [internal], line ??
Controller::invokeAction() - CORE/Cake/Controller/Controller.php, line 490
Dispatcher::_invoke() - CORE/Cake/Routing/Dispatcher.php, line 193
Dispatcher::dispatch() - CORE/Cake/Routing/Dispatcher.php, line 167
[main] - APP/webroot/index.php, line 118

2015-11-09 07:39:15 Notice: Notice (8): Undefined index: payment_amount in [/var/www/html/cake_2_0/app/Controller/FormController.php, line 122]
Trace:
FormController::post() - APP/Controller/FormController.php, line 122
ReflectionMethod::invokeArgs() - [internal], line ??
Controller::invokeAction() - CORE/Cake/Controller/Controller.php, line 490
Dispatcher::_invoke() - CORE/Cake/Routing/Dispatcher.php, line 193
Dispatcher::dispatch() - CORE/Cake/Routing/Dispatcher.php, line 167
[main] - APP/webroot/index.php, line 118

2015-11-09 07:39:25 Notice: Notice (8): Undefined index: payment_amount in [/var/www/html/cake_2_0/app/Controller/FormController.php, line 122]
Trace:
FormController::post() - APP/Controller/FormController.php, line 122
ReflectionMethod::invokeArgs() - [internal], line ??
Controller::invokeAction() - CORE/Cake/Controller/Controller.php, line 490
Dispatcher::_invoke() - CORE/Cake/Routing/Dispatcher.php, line 193
Dispatcher::dispatch() - CORE/Cake/Routing/Dispatcher.php, line 167
[main] - APP/webroot/index.php, line 118

2015-11-09 07:39:26 Notice: Notice (8): Undefined index: payment_amount in [/var/www/html/cake_2_0/app/Controller/FormController.php, line 122]
Trace:
FormController::post() - APP/Controller/FormController.php, line 122
ReflectionMethod::invokeArgs() - [internal], line ??
Controller::invokeAction() - CORE/Cake/Controller/Controller.php, line 490
Dispatcher::_invoke() - CORE/Cake/Routing/Dispatcher.php, line 193
Dispatcher::dispatch() - CORE/Cake/Routing/Dispatcher.php, line 167
[main] - APP/webroot/index.php, line 118

2015-11-09 07:43:11 Notice: Notice (8): Undefined index: payment_amount in [/var/www/html/cake_2_0/app/Controller/FormController.php, line 122]
Trace:
FormController::post() - APP/Controller/FormController.php, line 122
ReflectionMethod::invokeArgs() - [internal], line ??
Controller::invokeAction() - CORE/Cake/Controller/Controller.php, line 490
Dispatcher::_invoke() - CORE/Cake/Routing/Dispatcher.php, line 193
Dispatcher::dispatch() - CORE/Cake/Routing/Dispatcher.php, line 167
[main] - APP/webroot/index.php, line 118

2015-11-09 07:43:32 Notice: Notice (8): Undefined index: payment_amount in [/var/www/html/cake_2_0/app/Controller/FormController.php, line 122]
Trace:
FormController::post() - APP/Controller/FormController.php, line 122
ReflectionMethod::invokeArgs() - [internal], line ??
Controller::invokeAction() - CORE/Cake/Controller/Controller.php, line 490
Dispatcher::_invoke() - CORE/Cake/Routing/Dispatcher.php, line 193
Dispatcher::dispatch() - CORE/Cake/Routing/Dispatcher.php, line 167
[main] - APP/webroot/index.php, line 118

2015-11-09 07:44:41 Notice: Notice (8): Undefined index: payment_amount in [/var/www/html/cake_2_0/app/Controller/FormController.php, line 122]
Trace:
FormController::post() - APP/Controller/FormController.php, line 122
ReflectionMethod::invokeArgs() - [internal], line ??
Controller::invokeAction() - CORE/Cake/Controller/Controller.php, line 490
Dispatcher::_invoke() - CORE/Cake/Routing/Dispatcher.php, line 193
Dispatcher::dispatch() - CORE/Cake/Routing/Dispatcher.php, line 167
[main] - APP/webroot/index.php, line 118

2015-11-09 07:45:29 Notice: Notice (8): Undefined index: payment_amount in [/var/www/html/cake_2_0/app/Controller/FormController.php, line 122]
Trace:
FormController::post() - APP/Controller/FormController.php, line 122
ReflectionMethod::invokeArgs() - [internal], line ??
Controller::invokeAction() - CORE/Cake/Controller/Controller.php, line 490
Dispatcher::_invoke() - CORE/Cake/Routing/Dispatcher.php, line 193
Dispatcher::dispatch() - CORE/Cake/Routing/Dispatcher.php, line 167
[main] - APP/webroot/index.php, line 118

2015-11-09 07:45:48 Notice: Notice (8): Undefined index: payment_amount in [/var/www/html/cake_2_0/app/Controller/FormController.php, line 122]
Trace:
FormController::post() - APP/Controller/FormController.php, line 122
ReflectionMethod::invokeArgs() - [internal], line ??
Controller::invokeAction() - CORE/Cake/Controller/Controller.php, line 490
Dispatcher::_invoke() - CORE/Cake/Routing/Dispatcher.php, line 193
Dispatcher::dispatch() - CORE/Cake/Routing/Dispatcher.php, line 167
[main] - APP/webroot/index.php, line 118

2015-11-09 07:46:12 Notice: Notice (8): Undefined index: payment_amount in [/var/www/html/cake_2_0/app/Controller/FormController.php, line 122]
Trace:
FormController::post() - APP/Controller/FormController.php, line 122
ReflectionMethod::invokeArgs() - [internal], line ??
Controller::invokeAction() - CORE/Cake/Controller/Controller.php, line 490
Dispatcher::_invoke() - CORE/Cake/Routing/Dispatcher.php, line 193
Dispatcher::dispatch() - CORE/Cake/Routing/Dispatcher.php, line 167
[main] - APP/webroot/index.php, line 118

2015-11-09 07:47:55 Notice: Notice (8): Undefined index: payment_amount in [/var/www/html/cake_2_0/app/Controller/FormController.php, line 122]
Trace:
FormController::post() - APP/Controller/FormController.php, line 122
ReflectionMethod::invokeArgs() - [internal], line ??
Controller::invokeAction() - CORE/Cake/Controller/Controller.php, line 490
Dispatcher::_invoke() - CORE/Cake/Routing/Dispatcher.php, line 193
Dispatcher::dispatch() - CORE/Cake/Routing/Dispatcher.php, line 167
[main] - APP/webroot/index.php, line 118

2015-11-09 07:48:02 Notice: Notice (8): Undefined index: payment_amount in [/var/www/html/cake_2_0/app/Controller/FormController.php, line 122]
Trace:
FormController::post() - APP/Controller/FormController.php, line 122
ReflectionMethod::invokeArgs() - [internal], line ??
Controller::invokeAction() - CORE/Cake/Controller/Controller.php, line 490
Dispatcher::_invoke() - CORE/Cake/Routing/Dispatcher.php, line 193
Dispatcher::dispatch() - CORE/Cake/Routing/Dispatcher.php, line 167
[main] - APP/webroot/index.php, line 118

2015-11-09 07:48:37 Notice: Notice (8): Undefined index: payment_amount in [/var/www/html/cake_2_0/app/Controller/FormController.php, line 122]
Trace:
FormController::post() - APP/Controller/FormController.php, line 122
ReflectionMethod::invokeArgs() - [internal], line ??
Controller::invokeAction() - CORE/Cake/Controller/Controller.php, line 490
Dispatcher::_invoke() - CORE/Cake/Routing/Dispatcher.php, line 193
Dispatcher::dispatch() - CORE/Cake/Routing/Dispatcher.php, line 167
[main] - APP/webroot/index.php, line 118

2015-11-09 07:49:20 Notice: Notice (8): Undefined index: payment_amount in [/var/www/html/cake_2_0/app/Controller/FormController.php, line 122]
Trace:
FormController::post() - APP/Controller/FormController.php, line 122
ReflectionMethod::invokeArgs() - [internal], line ??
Controller::invokeAction() - CORE/Cake/Controller/Controller.php, line 490
Dispatcher::_invoke() - CORE/Cake/Routing/Dispatcher.php, line 193
Dispatcher::dispatch() - CORE/Cake/Routing/Dispatcher.php, line 167
[main] - APP/webroot/index.php, line 118

2015-11-09 07:49:42 Notice: Notice (8): Undefined index: payment_amount in [/var/www/html/cake_2_0/app/Controller/FormController.php, line 122]
Trace:
FormController::post() - APP/Controller/FormController.php, line 122
ReflectionMethod::invokeArgs() - [internal], line ??
Controller::invokeAction() - CORE/Cake/Controller/Controller.php, line 490
Dispatcher::_invoke() - CORE/Cake/Routing/Dispatcher.php, line 193
Dispatcher::dispatch() - CORE/Cake/Routing/Dispatcher.php, line 167
[main] - APP/webroot/index.php, line 118

2015-11-09 07:50:42 Notice: Notice (8): Undefined index: payment_amount in [/var/www/html/cake_2_0/app/Controller/FormController.php, line 122]
Trace:
FormController::post() - APP/Controller/FormController.php, line 122
ReflectionMethod::invokeArgs() - [internal], line ??
Controller::invokeAction() - CORE/Cake/Controller/Controller.php, line 490
Dispatcher::_invoke() - CORE/Cake/Routing/Dispatcher.php, line 193
Dispatcher::dispatch() - CORE/Cake/Routing/Dispatcher.php, line 167
[main] - APP/webroot/index.php, line 118

2015-11-09 07:51:13 Notice: Notice (8): Undefined index: payment_amount in [/var/www/html/cake_2_0/app/Controller/FormController.php, line 122]
Trace:
FormController::post() - APP/Controller/FormController.php, line 122
ReflectionMethod::invokeArgs() - [internal], line ??
Controller::invokeAction() - CORE/Cake/Controller/Controller.php, line 490
Dispatcher::_invoke() - CORE/Cake/Routing/Dispatcher.php, line 193
Dispatcher::dispatch() - CORE/Cake/Routing/Dispatcher.php, line 167
[main] - APP/webroot/index.php, line 118

2015-11-09 07:51:29 Notice: Notice (8): Undefined index: payment_amount in [/var/www/html/cake_2_0/app/Controller/FormController.php, line 122]
Trace:
FormController::post() - APP/Controller/FormController.php, line 122
ReflectionMethod::invokeArgs() - [internal], line ??
Controller::invokeAction() - CORE/Cake/Controller/Controller.php, line 490
Dispatcher::_invoke() - CORE/Cake/Routing/Dispatcher.php, line 193
Dispatcher::dispatch() - CORE/Cake/Routing/Dispatcher.php, line 167
[main] - APP/webroot/index.php, line 118

2015-11-09 07:52:22 Notice: Notice (8): Undefined index: payment_amount in [/var/www/html/cake_2_0/app/Controller/FormController.php, line 122]
Trace:
FormController::post() - APP/Controller/FormController.php, line 122
ReflectionMethod::invokeArgs() - [internal], line ??
Controller::invokeAction() - CORE/Cake/Controller/Controller.php, line 490
Dispatcher::_invoke() - CORE/Cake/Routing/Dispatcher.php, line 193
Dispatcher::dispatch() - CORE/Cake/Routing/Dispatcher.php, line 167
[main] - APP/webroot/index.php, line 118

2015-11-09 07:53:58 Notice: Notice (8): Undefined index: payment_amount in [/var/www/html/cake_2_0/app/Controller/FormController.php, line 122]
Trace:
FormController::post() - APP/Controller/FormController.php, line 122
ReflectionMethod::invokeArgs() - [internal], line ??
Controller::invokeAction() - CORE/Cake/Controller/Controller.php, line 490
Dispatcher::_invoke() - CORE/Cake/Routing/Dispatcher.php, line 193
Dispatcher::dispatch() - CORE/Cake/Routing/Dispatcher.php, line 167
[main] - APP/webroot/index.php, line 118

2015-11-09 07:57:06 Notice: Notice (8): Undefined index: payment_amount in [/var/www/html/cake_2_0/app/Controller/FormController.php, line 122]
Trace:
FormController::post() - APP/Controller/FormController.php, line 122
ReflectionMethod::invokeArgs() - [internal], line ??
Controller::invokeAction() - CORE/Cake/Controller/Controller.php, line 490
Dispatcher::_invoke() - CORE/Cake/Routing/Dispatcher.php, line 193
Dispatcher::dispatch() - CORE/Cake/Routing/Dispatcher.php, line 167
[main] - APP/webroot/index.php, line 118

2015-11-09 07:57:54 Notice: Notice (8): Undefined index: payment_amount in [/var/www/html/cake_2_0/app/Controller/FormController.php, line 122]
Trace:
FormController::post() - APP/Controller/FormController.php, line 122
ReflectionMethod::invokeArgs() - [internal], line ??
Controller::invokeAction() - CORE/Cake/Controller/Controller.php, line 490
Dispatcher::_invoke() - CORE/Cake/Routing/Dispatcher.php, line 193
Dispatcher::dispatch() - CORE/Cake/Routing/Dispatcher.php, line 167
[main] - APP/webroot/index.php, line 118

2015-11-09 07:59:32 Notice: Notice (8): Undefined index: payment_amount in [/var/www/html/cake_2_0/app/Controller/FormController.php, line 122]
Trace:
FormController::post() - APP/Controller/FormController.php, line 122
ReflectionMethod::invokeArgs() - [internal], line ??
Controller::invokeAction() - CORE/Cake/Controller/Controller.php, line 490
Dispatcher::_invoke() - CORE/Cake/Routing/Dispatcher.php, line 193
Dispatcher::dispatch() - CORE/Cake/Routing/Dispatcher.php, line 167
[main] - APP/webroot/index.php, line 118

2015-11-09 07:59:54 Notice: Notice (8): Undefined index: payment_amount in [/var/www/html/cake_2_0/app/Controller/FormController.php, line 122]
Trace:
FormController::post() - APP/Controller/FormController.php, line 122
ReflectionMethod::invokeArgs() - [internal], line ??
Controller::invokeAction() - CORE/Cake/Controller/Controller.php, line 490
Dispatcher::_invoke() - CORE/Cake/Routing/Dispatcher.php, line 193
Dispatcher::dispatch() - CORE/Cake/Routing/Dispatcher.php, line 167
[main] - APP/webroot/index.php, line 118

2015-11-09 08:00:05 Notice: Notice (8): Undefined index: payment_amount in [/var/www/html/cake_2_0/app/Controller/FormController.php, line 122]
Trace:
FormController::post() - APP/Controller/FormController.php, line 122
ReflectionMethod::invokeArgs() - [internal], line ??
Controller::invokeAction() - CORE/Cake/Controller/Controller.php, line 490
Dispatcher::_invoke() - CORE/Cake/Routing/Dispatcher.php, line 193
Dispatcher::dispatch() - CORE/Cake/Routing/Dispatcher.php, line 167
[main] - APP/webroot/index.php, line 118

2015-11-09 08:01:07 Notice: Notice (8): Undefined index: payment_amount in [/var/www/html/cake_2_0/app/Controller/FormController.php, line 122]
Trace:
FormController::post() - APP/Controller/FormController.php, line 122
ReflectionMethod::invokeArgs() - [internal], line ??
Controller::invokeAction() - CORE/Cake/Controller/Controller.php, line 490
Dispatcher::_invoke() - CORE/Cake/Routing/Dispatcher.php, line 193
Dispatcher::dispatch() - CORE/Cake/Routing/Dispatcher.php, line 167
[main] - APP/webroot/index.php, line 118

2015-11-09 08:01:28 Notice: Notice (8): Undefined index: payment_amount in [/var/www/html/cake_2_0/app/Controller/FormController.php, line 122]
Trace:
FormController::post() - APP/Controller/FormController.php, line 122
ReflectionMethod::invokeArgs() - [internal], line ??
Controller::invokeAction() - CORE/Cake/Controller/Controller.php, line 490
Dispatcher::_invoke() - CORE/Cake/Routing/Dispatcher.php, line 193
Dispatcher::dispatch() - CORE/Cake/Routing/Dispatcher.php, line 167
[main] - APP/webroot/index.php, line 118

2015-11-09 08:02:32 Notice: Notice (8): Undefined index: payment_amount in [/var/www/html/cake_2_0/app/Controller/FormController.php, line 122]
Trace:
FormController::post() - APP/Controller/FormController.php, line 122
ReflectionMethod::invokeArgs() - [internal], line ??
Controller::invokeAction() - CORE/Cake/Controller/Controller.php, line 490
Dispatcher::_invoke() - CORE/Cake/Routing/Dispatcher.php, line 193
Dispatcher::dispatch() - CORE/Cake/Routing/Dispatcher.php, line 167
[main] - APP/webroot/index.php, line 118

2015-11-09 08:05:23 Notice: Notice (8): Undefined index: payment_amount in [/var/www/html/cake_2_0/app/Controller/FormController.php, line 122]
Trace:
FormController::post() - APP/Controller/FormController.php, line 122
ReflectionMethod::invokeArgs() - [internal], line ??
Controller::invokeAction() - CORE/Cake/Controller/Controller.php, line 490
Dispatcher::_invoke() - CORE/Cake/Routing/Dispatcher.php, line 193
Dispatcher::dispatch() - CORE/Cake/Routing/Dispatcher.php, line 167
[main] - APP/webroot/index.php, line 118

2015-11-09 08:06:01 Notice: Notice (8): Undefined index: payment_amount in [/var/www/html/cake_2_0/app/Controller/FormController.php, line 122]
Trace:
FormController::post() - APP/Controller/FormController.php, line 122
ReflectionMethod::invokeArgs() - [internal], line ??
Controller::invokeAction() - CORE/Cake/Controller/Controller.php, line 490
Dispatcher::_invoke() - CORE/Cake/Routing/Dispatcher.php, line 193
Dispatcher::dispatch() - CORE/Cake/Routing/Dispatcher.php, line 167
[main] - APP/webroot/index.php, line 118

2015-11-09 08:06:19 Notice: Notice (8): Undefined index: payment_amount in [/var/www/html/cake_2_0/app/Controller/FormController.php, line 122]
Trace:
FormController::post() - APP/Controller/FormController.php, line 122
ReflectionMethod::invokeArgs() - [internal], line ??
Controller::invokeAction() - CORE/Cake/Controller/Controller.php, line 490
Dispatcher::_invoke() - CORE/Cake/Routing/Dispatcher.php, line 193
Dispatcher::dispatch() - CORE/Cake/Routing/Dispatcher.php, line 167
[main] - APP/webroot/index.php, line 118

2015-11-09 08:06:47 Notice: Notice (8): Undefined index: payment_amount in [/var/www/html/cake_2_0/app/Controller/FormController.php, line 122]
Trace:
FormController::post() - APP/Controller/FormController.php, line 122
ReflectionMethod::invokeArgs() - [internal], line ??
Controller::invokeAction() - CORE/Cake/Controller/Controller.php, line 490
Dispatcher::_invoke() - CORE/Cake/Routing/Dispatcher.php, line 193
Dispatcher::dispatch() - CORE/Cake/Routing/Dispatcher.php, line 167
[main] - APP/webroot/index.php, line 118

2015-11-09 08:06:49 Notice: Notice (8): Undefined index: payment_amount in [/var/www/html/cake_2_0/app/Controller/FormController.php, line 122]
Trace:
FormController::post() - APP/Controller/FormController.php, line 122
ReflectionMethod::invokeArgs() - [internal], line ??
Controller::invokeAction() - CORE/Cake/Controller/Controller.php, line 490
Dispatcher::_invoke() - CORE/Cake/Routing/Dispatcher.php, line 193
Dispatcher::dispatch() - CORE/Cake/Routing/Dispatcher.php, line 167
[main] - APP/webroot/index.php, line 118

2015-11-09 08:08:02 Notice: Notice (8): Undefined index: payment_amount in [/var/www/html/cake_2_0/app/Controller/FormController.php, line 122]
Trace:
FormController::post() - APP/Controller/FormController.php, line 122
ReflectionMethod::invokeArgs() - [internal], line ??
Controller::invokeAction() - CORE/Cake/Controller/Controller.php, line 490
Dispatcher::_invoke() - CORE/Cake/Routing/Dispatcher.php, line 193
Dispatcher::dispatch() - CORE/Cake/Routing/Dispatcher.php, line 167
[main] - APP/webroot/index.php, line 118

2015-11-09 08:08:47 Notice: Notice (8): Undefined index: payment_amount in [/var/www/html/cake_2_0/app/Controller/FormController.php, line 122]
Trace:
FormController::post() - APP/Controller/FormController.php, line 122
ReflectionMethod::invokeArgs() - [internal], line ??
Controller::invokeAction() - CORE/Cake/Controller/Controller.php, line 490
Dispatcher::_invoke() - CORE/Cake/Routing/Dispatcher.php, line 193
Dispatcher::dispatch() - CORE/Cake/Routing/Dispatcher.php, line 167
[main] - APP/webroot/index.php, line 118

2015-11-09 08:08:51 Notice: Notice (8): Undefined index: Education in [/var/www/html/cake_2_0/app/Controller/MultiStepFormController.php, line 185]
Trace:
MultiStepFormController::_processSecond() - APP/Controller/MultiStepFormController.php, line 185
WizardComponent::process() - APP/Plugin/Wizard/Controller/Component/WizardComponent.php, line 209
MultiStepFormController::wizard() - APP/Controller/MultiStepFormController.php, line 14
ReflectionMethod::invokeArgs() - [internal], line ??
Controller::invokeAction() - CORE/Cake/Controller/Controller.php, line 490
Dispatcher::_invoke() - CORE/Cake/Routing/Dispatcher.php, line 193
Dispatcher::dispatch() - CORE/Cake/Routing/Dispatcher.php, line 167
[main] - APP/webroot/index.php, line 118

2015-11-09 08:09:16 Notice: Notice (8): Undefined index: payment_amount in [/var/www/html/cake_2_0/app/Controller/FormController.php, line 122]
Trace:
FormController::post() - APP/Controller/FormController.php, line 122
ReflectionMethod::invokeArgs() - [internal], line ??
Controller::invokeAction() - CORE/Cake/Controller/Controller.php, line 490
Dispatcher::_invoke() - CORE/Cake/Routing/Dispatcher.php, line 193
Dispatcher::dispatch() - CORE/Cake/Routing/Dispatcher.php, line 167
[main] - APP/webroot/index.php, line 118

2015-11-09 08:09:23 Notice: Notice (8): Undefined index: payment_amount in [/var/www/html/cake_2_0/app/Controller/FormController.php, line 122]
Trace:
FormController::post() - APP/Controller/FormController.php, line 122
ReflectionMethod::invokeArgs() - [internal], line ??
Controller::invokeAction() - CORE/Cake/Controller/Controller.php, line 490
Dispatcher::_invoke() - CORE/Cake/Routing/Dispatcher.php, line 193
Dispatcher::dispatch() - CORE/Cake/Routing/Dispatcher.php, line 167
[main] - APP/webroot/index.php, line 118

2015-11-09 08:09:25 Notice: Notice (8): Undefined index: Education in [/var/www/html/cake_2_0/app/Controller/MultiStepFormController.php, line 185]
Trace:
MultiStepFormController::_processSecond() - APP/Controller/MultiStepFormController.php, line 185
WizardComponent::process() - APP/Plugin/Wizard/Controller/Component/WizardComponent.php, line 209
MultiStepFormController::wizard() - APP/Controller/MultiStepFormController.php, line 14
ReflectionMethod::invokeArgs() - [internal], line ??
Controller::invokeAction() - CORE/Cake/Controller/Controller.php, line 490
Dispatcher::_invoke() - CORE/Cake/Routing/Dispatcher.php, line 193
Dispatcher::dispatch() - CORE/Cake/Routing/Dispatcher.php, line 167
[main] - APP/webroot/index.php, line 118

2015-11-09 08:09:46 Notice: Notice (8): Undefined index: payment_amount in [/var/www/html/cake_2_0/app/Controller/FormController.php, line 122]
Trace:
FormController::post() - APP/Controller/FormController.php, line 122
ReflectionMethod::invokeArgs() - [internal], line ??
Controller::invokeAction() - CORE/Cake/Controller/Controller.php, line 490
Dispatcher::_invoke() - CORE/Cake/Routing/Dispatcher.php, line 193
Dispatcher::dispatch() - CORE/Cake/Routing/Dispatcher.php, line 167
[main] - APP/webroot/index.php, line 118

2015-11-09 08:10:10 Notice: Notice (8): Undefined index: Education in [/var/www/html/cake_2_0/app/Controller/MultiStepFormController.php, line 185]
Trace:
MultiStepFormController::_processSecond() - APP/Controller/MultiStepFormController.php, line 185
WizardComponent::process() - APP/Plugin/Wizard/Controller/Component/WizardComponent.php, line 209
MultiStepFormController::wizard() - APP/Controller/MultiStepFormController.php, line 14
ReflectionMethod::invokeArgs() - [internal], line ??
Controller::invokeAction() - CORE/Cake/Controller/Controller.php, line 490
Dispatcher::_invoke() - CORE/Cake/Routing/Dispatcher.php, line 193
Dispatcher::dispatch() - CORE/Cake/Routing/Dispatcher.php, line 167
[main] - APP/webroot/index.php, line 118

2015-11-09 08:10:19 Notice: Notice (8): Undefined index: payment_amount in [/var/www/html/cake_2_0/app/Controller/FormController.php, line 122]
Trace:
FormController::post() - APP/Controller/FormController.php, line 122
ReflectionMethod::invokeArgs() - [internal], line ??
Controller::invokeAction() - CORE/Cake/Controller/Controller.php, line 490
Dispatcher::_invoke() - CORE/Cake/Routing/Dispatcher.php, line 193
Dispatcher::dispatch() - CORE/Cake/Routing/Dispatcher.php, line 167
[main] - APP/webroot/index.php, line 118

2015-11-09 08:10:49 Notice: Notice (8): Undefined index: payment_amount in [/var/www/html/cake_2_0/app/Controller/FormController.php, line 122]
Trace:
FormController::post() - APP/Controller/FormController.php, line 122
ReflectionMethod::invokeArgs() - [internal], line ??
Controller::invokeAction() - CORE/Cake/Controller/Controller.php, line 490
Dispatcher::_invoke() - CORE/Cake/Routing/Dispatcher.php, line 193
Dispatcher::dispatch() - CORE/Cake/Routing/Dispatcher.php, line 167
[main] - APP/webroot/index.php, line 118

2015-11-09 08:12:05 Notice: Notice (8): Undefined index: payment_amount in [/var/www/html/cake_2_0/app/Controller/FormController.php, line 122]
Trace:
FormController::post() - APP/Controller/FormController.php, line 122
ReflectionMethod::invokeArgs() - [internal], line ??
Controller::invokeAction() - CORE/Cake/Controller/Controller.php, line 490
Dispatcher::_invoke() - CORE/Cake/Routing/Dispatcher.php, line 193
Dispatcher::dispatch() - CORE/Cake/Routing/Dispatcher.php, line 167
[main] - APP/webroot/index.php, line 118

2015-11-09 08:12:38 Notice: Notice (8): Undefined index: payment_amount in [/var/www/html/cake_2_0/app/Controller/FormController.php, line 122]
Trace:
FormController::post() - APP/Controller/FormController.php, line 122
ReflectionMethod::invokeArgs() - [internal], line ??
Controller::invokeAction() - CORE/Cake/Controller/Controller.php, line 490
Dispatcher::_invoke() - CORE/Cake/Routing/Dispatcher.php, line 193
Dispatcher::dispatch() - CORE/Cake/Routing/Dispatcher.php, line 167
[main] - APP/webroot/index.php, line 118

2015-11-09 08:14:10 Notice: Notice (8): Undefined index: payment_amount in [/var/www/html/cake_2_0/app/Controller/FormController.php, line 122]
Trace:
FormController::post() - APP/Controller/FormController.php, line 122
ReflectionMethod::invokeArgs() - [internal], line ??
Controller::invokeAction() - CORE/Cake/Controller/Controller.php, line 490
Dispatcher::_invoke() - CORE/Cake/Routing/Dispatcher.php, line 193
Dispatcher::dispatch() - CORE/Cake/Routing/Dispatcher.php, line 167
[main] - APP/webroot/index.php, line 118

2015-11-09 08:15:13 Notice: Notice (8): Undefined index: payment_amount in [/var/www/html/cake_2_0/app/Controller/FormController.php, line 122]
Trace:
FormController::post() - APP/Controller/FormController.php, line 122
ReflectionMethod::invokeArgs() - [internal], line ??
Controller::invokeAction() - CORE/Cake/Controller/Controller.php, line 490
Dispatcher::_invoke() - CORE/Cake/Routing/Dispatcher.php, line 193
Dispatcher::dispatch() - CORE/Cake/Routing/Dispatcher.php, line 167
[main] - APP/webroot/index.php, line 118

2015-11-09 08:31:18 Notice: Notice (8): Undefined index: payment_amount in [/var/www/html/cake_2_0/app/Controller/FormController.php, line 122]
Trace:
FormController::post() - APP/Controller/FormController.php, line 122
ReflectionMethod::invokeArgs() - [internal], line ??
Controller::invokeAction() - CORE/Cake/Controller/Controller.php, line 490
Dispatcher::_invoke() - CORE/Cake/Routing/Dispatcher.php, line 193
Dispatcher::dispatch() - CORE/Cake/Routing/Dispatcher.php, line 167
[main] - APP/webroot/index.php, line 118

2015-11-09 08:31:35 Notice: Notice (8): Undefined index: payment_amount in [/var/www/html/cake_2_0/app/Controller/FormController.php, line 122]
Trace:
FormController::post() - APP/Controller/FormController.php, line 122
ReflectionMethod::invokeArgs() - [internal], line ??
Controller::invokeAction() - CORE/Cake/Controller/Controller.php, line 490
Dispatcher::_invoke() - CORE/Cake/Routing/Dispatcher.php, line 193
Dispatcher::dispatch() - CORE/Cake/Routing/Dispatcher.php, line 167
[main] - APP/webroot/index.php, line 118

2015-11-09 08:31:48 Notice: Notice (8): Undefined index: payment_amount in [/var/www/html/cake_2_0/app/Controller/FormController.php, line 122]
Trace:
FormController::post() - APP/Controller/FormController.php, line 122
ReflectionMethod::invokeArgs() - [internal], line ??
Controller::invokeAction() - CORE/Cake/Controller/Controller.php, line 490
Dispatcher::_invoke() - CORE/Cake/Routing/Dispatcher.php, line 193
Dispatcher::dispatch() - CORE/Cake/Routing/Dispatcher.php, line 167
[main] - APP/webroot/index.php, line 118

2015-11-09 08:33:54 Notice: Notice (8): Undefined index: payment_amount in [/var/www/html/cake_2_0/app/Controller/FormController.php, line 122]
Trace:
FormController::post() - APP/Controller/FormController.php, line 122
ReflectionMethod::invokeArgs() - [internal], line ??
Controller::invokeAction() - CORE/Cake/Controller/Controller.php, line 490
Dispatcher::_invoke() - CORE/Cake/Routing/Dispatcher.php, line 193
Dispatcher::dispatch() - CORE/Cake/Routing/Dispatcher.php, line 167
[main] - APP/webroot/index.php, line 118

2015-11-09 08:35:13 Notice: Notice (8): Undefined index: payment_amount in [/var/www/html/cake_2_0/app/Controller/FormController.php, line 122]
Trace:
FormController::post() - APP/Controller/FormController.php, line 122
ReflectionMethod::invokeArgs() - [internal], line ??
Controller::invokeAction() - CORE/Cake/Controller/Controller.php, line 490
Dispatcher::_invoke() - CORE/Cake/Routing/Dispatcher.php, line 193
Dispatcher::dispatch() - CORE/Cake/Routing/Dispatcher.php, line 167
[main] - APP/webroot/index.php, line 118

2015-11-09 08:35:35 Notice: Notice (8): Undefined index: payment_amount in [/var/www/html/cake_2_0/app/Controller/FormController.php, line 122]
Trace:
FormController::post() - APP/Controller/FormController.php, line 122
ReflectionMethod::invokeArgs() - [internal], line ??
Controller::invokeAction() - CORE/Cake/Controller/Controller.php, line 490
Dispatcher::_invoke() - CORE/Cake/Routing/Dispatcher.php, line 193
Dispatcher::dispatch() - CORE/Cake/Routing/Dispatcher.php, line 167
[main] - APP/webroot/index.php, line 118

2015-11-09 08:36:02 Notice: Notice (8): Undefined index: payment_amount in [/var/www/html/cake_2_0/app/Controller/FormController.php, line 122]
Trace:
FormController::post() - APP/Controller/FormController.php, line 122
ReflectionMethod::invokeArgs() - [internal], line ??
Controller::invokeAction() - CORE/Cake/Controller/Controller.php, line 490
Dispatcher::_invoke() - CORE/Cake/Routing/Dispatcher.php, line 193
Dispatcher::dispatch() - CORE/Cake/Routing/Dispatcher.php, line 167
[main] - APP/webroot/index.php, line 118

2015-11-09 08:37:24 Notice: Notice (8): Undefined index: payment_amount in [/var/www/html/cake_2_0/app/Controller/FormController.php, line 122]
Trace:
FormController::post() - APP/Controller/FormController.php, line 122
ReflectionMethod::invokeArgs() - [internal], line ??
Controller::invokeAction() - CORE/Cake/Controller/Controller.php, line 490
Dispatcher::_invoke() - CORE/Cake/Routing/Dispatcher.php, line 193
Dispatcher::dispatch() - CORE/Cake/Routing/Dispatcher.php, line 167
[main] - APP/webroot/index.php, line 118

2015-11-09 08:38:10 Notice: Notice (8): Undefined index: payment_amount in [/var/www/html/cake_2_0/app/Controller/FormController.php, line 122]
Trace:
FormController::post() - APP/Controller/FormController.php, line 122
ReflectionMethod::invokeArgs() - [internal], line ??
Controller::invokeAction() - CORE/Cake/Controller/Controller.php, line 490
Dispatcher::_invoke() - CORE/Cake/Routing/Dispatcher.php, line 193
Dispatcher::dispatch() - CORE/Cake/Routing/Dispatcher.php, line 167
[main] - APP/webroot/index.php, line 118

2015-11-09 08:40:24 Notice: Notice (8): Undefined index: payment_amount in [/var/www/html/cake_2_0/app/Controller/FormController.php, line 122]
Trace:
FormController::post() - APP/Controller/FormController.php, line 122
ReflectionMethod::invokeArgs() - [internal], line ??
Controller::invokeAction() - CORE/Cake/Controller/Controller.php, line 490
Dispatcher::_invoke() - CORE/Cake/Routing/Dispatcher.php, line 193
Dispatcher::dispatch() - CORE/Cake/Routing/Dispatcher.php, line 167
[main] - APP/webroot/index.php, line 118

2015-11-09 08:48:57 Notice: Notice (8): Undefined index: payment_amount in [/var/www/html/cake_2_0/app/Controller/FormController.php, line 122]
Trace:
FormController::post() - APP/Controller/FormController.php, line 122
ReflectionMethod::invokeArgs() - [internal], line ??
Controller::invokeAction() - CORE/Cake/Controller/Controller.php, line 490
Dispatcher::_invoke() - CORE/Cake/Routing/Dispatcher.php, line 193
Dispatcher::dispatch() - CORE/Cake/Routing/Dispatcher.php, line 167
[main] - APP/webroot/index.php, line 118

2015-11-09 08:50:39 Notice: Notice (8): Undefined index: payment_amount in [/var/www/html/cake_2_0/app/Controller/FormController.php, line 122]
Trace:
FormController::post() - APP/Controller/FormController.php, line 122
ReflectionMethod::invokeArgs() - [internal], line ??
Controller::invokeAction() - CORE/Cake/Controller/Controller.php, line 490
Dispatcher::_invoke() - CORE/Cake/Routing/Dispatcher.php, line 193
Dispatcher::dispatch() - CORE/Cake/Routing/Dispatcher.php, line 167
[main] - APP/webroot/index.php, line 118

2015-11-09 08:50:58 Notice: Notice (8): Undefined index: payment_amount in [/var/www/html/cake_2_0/app/Controller/FormController.php, line 122]
Trace:
FormController::post() - APP/Controller/FormController.php, line 122
ReflectionMethod::invokeArgs() - [internal], line ??
Controller::invokeAction() - CORE/Cake/Controller/Controller.php, line 490
Dispatcher::_invoke() - CORE/Cake/Routing/Dispatcher.php, line 193
Dispatcher::dispatch() - CORE/Cake/Routing/Dispatcher.php, line 167
[main] - APP/webroot/index.php, line 118

2015-11-09 08:52:25 Notice: Notice (8): Undefined index: payment_amount in [/var/www/html/cake_2_0/app/Controller/FormController.php, line 122]
Trace:
FormController::post() - APP/Controller/FormController.php, line 122
ReflectionMethod::invokeArgs() - [internal], line ??
Controller::invokeAction() - CORE/Cake/Controller/Controller.php, line 490
Dispatcher::_invoke() - CORE/Cake/Routing/Dispatcher.php, line 193
Dispatcher::dispatch() - CORE/Cake/Routing/Dispatcher.php, line 167
[main] - APP/webroot/index.php, line 118

2015-11-09 08:59:57 Notice: Notice (8): Undefined index: payment_amount in [/var/www/html/cake_2_0/app/Controller/FormController.php, line 122]
Trace:
FormController::post() - APP/Controller/FormController.php, line 122
ReflectionMethod::invokeArgs() - [internal], line ??
Controller::invokeAction() - CORE/Cake/Controller/Controller.php, line 490
Dispatcher::_invoke() - CORE/Cake/Routing/Dispatcher.php, line 193
Dispatcher::dispatch() - CORE/Cake/Routing/Dispatcher.php, line 167
[main] - APP/webroot/index.php, line 118

2015-11-09 09:06:15 Notice: Notice (8): Undefined index: payment_amount in [/var/www/html/cake_2_0/app/Controller/FormController.php, line 124]
Trace:
FormController::post() - APP/Controller/FormController.php, line 124
ReflectionMethod::invokeArgs() - [internal], line ??
Controller::invokeAction() - CORE/Cake/Controller/Controller.php, line 490
Dispatcher::_invoke() - CORE/Cake/Routing/Dispatcher.php, line 193
Dispatcher::dispatch() - CORE/Cake/Routing/Dispatcher.php, line 167
[main] - APP/webroot/index.php, line 118

